[2025-12-16T03:34:41.656998+01:00] shop_logger.INFO: Product Page Visited {"product_id":128,"ip":"::1"} []
[2025-12-16T04:10:04.348353+01:00] shop_logger.INFO: Product Page Visited {"product_id":128,"ip":"::1"} []
[2025-12-16T21:51:42.744240+01:00] shop_logger.INFO: Product Page Visited {"product_id":107,"ip":"::1"} []
[2025-12-18T04:28:42.208874+01:00] shop_logger.INFO: Product Page Visited {"product_id":182,"ip":"::1"} []
[2025-12-18T04:40:17.362511+01:00] shop_logger.INFO: Product Page Visited {"product_id":182,"ip":"::1"} []
[2025-12-18T23:25:11.602416+01:00] shop_logger.INFO: Product Page Visited {"product_id":182,"ip":"::1"} []
[2025-12-18T23:31:40.387298+01:00] shop_logger.INFO: Product Page Visited {"product_id":182,"ip":"::1"} []
[2025-12-18T23:32:00.424781+01:00] shop_logger.ERROR: Product not found via API: ID 182 - cURL Error: Operation timed out after 20015 milliseconds with 0 bytes received [] []
[2025-12-18T23:32:06.233488+01:00] shop_logger.INFO: Product Page Visited {"product_id":182,"ip":"::1"} []
[2025-12-18T23:39:29.370979+01:00] shop_logger.INFO: Product Page Visited {"product_id":151,"ip":"::1"} []
[2025-12-19T00:11:02.473424+01:00] shop_logger.INFO: Product Page Visited {"product_id":182,"ip":"::1"} []
[2025-12-19T00:17:39.307810+01:00] shop_logger.INFO: Product Page Visited {"product_id":182,"ip":"::1"} []
[2025-12-19T00:22:03.971474+01:00] shop_logger.INFO: Product Page Visited {"product_id":182,"ip":"::1"} []
[2025-12-19T00:26:09.993590+01:00] shop_logger.INFO: Product Page Visited {"product_id":128,"ip":"::1"} []
[2025-12-19T00:28:19.246766+01:00] shop_logger.INFO: Product Page Visited {"product_id":151,"ip":"::1"} []
[2025-12-19T00:31:43.461851+01:00] shop_logger.INFO: Product Page Visited {"product_id":182,"ip":"::1"} []
[2025-12-19T00:57:26.350833+01:00] shop_logger.INFO: Product Page Visited {"product_id":182,"ip":"::1"} []
[2025-12-19T00:59:25.425219+01:00] shop_logger.INFO: Product Page Visited {"product_id":151,"ip":"::1"} []
[2025-12-21T21:02:07.164508+01:00] shop_logger.INFO: Product Page Visited {"product_id":112,"ip":"::1"} []
[2025-12-21T21:02:27.296946+01:00] shop_logger.ERROR: Product not found via API: ID 112 - cURL Error: Operation timed out after 20015 milliseconds with 0 bytes received [] []
[2025-12-21T21:13:24.200641+01:00] shop_logger.INFO: Product Page Visited {"product_id":128,"ip":"::1"} []
[2025-12-21T21:28:56.733087+01:00] shop_logger.INFO: Product Page Visited {"product_id":128,"ip":"::1"} []
[2025-12-21T21:54:56.684491+01:00] shop_logger.INFO: Product Page Visited {"product_id":128,"ip":"::1"} []
[2025-12-21T22:38:57.159403+01:00] shop_logger.INFO: Product Page Visited {"product_id":128,"ip":"::1"} []
[2025-12-21T22:39:25.920064+01:00] shop_logger.INFO: Product Page Visited {"product_id":128,"ip":"::1"} []
[2025-12-22T04:10:11.396792+01:00] shop_logger.INFO: Product Page Visited {"product_id":128,"ip":"::1"} []
[2025-12-22T04:11:35.569423+01:00] shop_logger.INFO: Product Page Visited {"product_id":128,"ip":"::1"} []
[2025-12-22T04:12:08.316194+01:00] shop_logger.INFO: Product Page Visited {"product_id":128,"ip":"::1"} []
[2025-12-22T04:12:35.898784+01:00] shop_logger.INFO: Product Page Visited {"product_id":128,"ip":"::1"} []
[2025-12-22T04:12:58.785548+01:00] shop_logger.INFO: Product Page Visited {"product_id":128,"ip":"::1"} []
[2025-12-22T04:13:54.400832+01:00] shop_logger.INFO: Product Page Visited {"product_id":128,"ip":"::1"} []
[2025-12-22T04:14:10.514304+01:00] shop_logger.INFO: Product Page Visited {"product_id":128,"ip":"::1"} []
[2025-12-22T04:14:42.783982+01:00] shop_logger.INFO: Product Page Visited {"product_id":128,"ip":"::1"} []
[2025-12-22T04:20:01.221415+01:00] shop_logger.INFO: Product Page Visited {"product_id":182,"ip":"::1"} []
[2025-12-22T04:25:36.737020+01:00] shop_logger.INFO: Product Page Visited {"product_id":182,"ip":"::1"} []
[2025-12-22T04:26:48.672529+01:00] shop_logger.INFO: Product Page Visited {"product_id":128,"ip":"::1"} []
[2025-12-22T04:38:57.676452+01:00] shop_logger.INFO: Product Page Visited {"product_id":182,"ip":"::1"} []
[2025-12-22T04:47:18.732093+01:00] shop_logger.INFO: Product Page Visited {"product_id":128,"ip":"::1"} []
[2025-12-22T04:48:25.780352+01:00] shop_logger.INFO: Product Page Visited {"product_id":128,"ip":"::1"} []
[2025-12-22T05:37:01.857533+01:00] shop_logger.INFO: Product Page Visited {"product_id":128,"ip":"::1"} []
[2025-12-24T03:02:38.076656+01:00] shop_logger.INFO: Product Page Visited {"product_id":182,"ip":"::1"} []
[2025-12-24T03:07:35.310783+01:00] shop_logger.INFO: Product Page Visited {"product_id":182,"ip":"::1"} []
[2025-12-24T03:19:45.147884+01:00] shop_logger.INFO: Product Page Visited {"product_id":182,"ip":"::1"} []
[2025-12-24T03:23:04.685647+01:00] shop_logger.INFO: Product Page Visited {"product_id":182,"ip":"::1"} []
[2025-12-25T03:53:25.462771+01:00] shop_logger.INFO: Product Page Visited {"product_id":182,"ip":"::1"} []
[2025-12-25T03:53:45.715226+01:00] shop_logger.ERROR: Product not found via API: ID 182 - cURL Error: Operation timed out after 20215 milliseconds with 0 bytes received [] []
[2025-12-25T03:55:30.693346+01:00] shop_logger.INFO: Product Page Visited {"product_id":182,"ip":"::1"} []
[2025-12-25T03:59:41.754438+01:00] shop_logger.INFO: Product Page Visited {"product_id":182,"ip":"::1"} []
[2025-12-25T04:02:19.064877+01:00] shop_logger.INFO: Product Page Visited {"product_id":182,"ip":"::1"} []
[2025-12-25T04:02:46.076987+01:00] shop_logger.INFO: Product Page Visited {"product_id":182,"ip":"::1"} []
[2025-12-25T04:08:40.066921+01:00] shop_logger.INFO: Product Page Visited {"product_id":182,"ip":"::1"} []
[2025-12-25T04:12:50.161259+01:00] shop_logger.INFO: Product Page Visited {"product_id":128,"ip":"::1"} []
[2025-12-25T04:13:48.405402+01:00] shop_logger.INFO: Product Page Visited {"product_id":128,"ip":"::1"} []
[2025-12-25T04:14:30.984572+01:00] shop_logger.INFO: Product Page Visited {"product_id":128,"ip":"::1"} []
[2025-12-25T23:42:49.600262+01:00] shop_logger.INFO: Product Page Visited {"product_id":128,"ip":"::1"} []
[2025-12-25T23:56:25.343022+01:00] shop_logger.INFO: Product Page Visited {"product_id":128,"ip":"::1"} []
[2025-12-25T23:58:46.519547+01:00] shop_logger.INFO: Product Page Visited {"product_id":128,"ip":"::1"} []
[2025-12-25T23:59:39.172633+01:00] shop_logger.INFO: Product Page Visited {"product_id":128,"ip":"::1"} []
[2025-12-26T00:11:03.310670+01:00] shop_logger.INFO: Product Page Visited {"product_id":128,"ip":"::1"} []
[2025-12-26T00:16:56.405881+01:00] shop_logger.INFO: Product Page Visited {"product_id":128,"ip":"::1"} []
[2025-12-26T00:46:32.196778+01:00] shop_logger.INFO: Product Page Visited {"product_id":128,"ip":"::1"} []
[2025-12-26T00:49:52.621040+01:00] shop_logger.INFO: Product Page Visited {"product_id":128,"ip":"::1"} []
[2025-12-26T00:57:23.220157+01:00] shop_logger.INFO: Product Page Visited {"product_id":128,"ip":"::1"} []
[2025-12-26T00:59:52.231678+01:00] shop_logger.INFO: Product Page Visited {"product_id":128,"ip":"::1"} []
[2025-12-26T01:00:23.214588+01:00] shop_logger.INFO: Product Page Visited {"product_id":128,"ip":"::1"} []
[2025-12-26T01:09:31.557104+01:00] shop_logger.INFO: Product Page Visited {"product_id":128,"ip":"::1"} []
[2025-12-26T01:24:53.957550+01:00] shop_logger.INFO: Product Page Visited {"product_id":128,"ip":"::1"} []
[2025-12-26T01:31:27.285045+01:00] shop_logger.INFO: Product Page Visited {"product_id":128,"ip":"::1"} []
[2025-12-26T01:33:45.333992+01:00] shop_logger.INFO: Product Page Visited {"product_id":128,"ip":"::1"} []
[2025-12-26T01:38:45.586010+01:00] shop_logger.INFO: Product Page Visited {"product_id":128,"ip":"::1"} []
[2025-12-26T01:46:32.765611+01:00] shop_logger.INFO: Product Page Visited {"product_id":128,"ip":"::1"} []
[2025-12-26T01:46:53.179230+01:00] shop_logger.ERROR: Product not found via API: ID 128 - cURL Error: Operation timed out after 20013 milliseconds with 0 bytes received [] []
[2025-12-26T01:46:57.378815+01:00] shop_logger.INFO: Product Page Visited {"product_id":128,"ip":"::1"} []
[2025-12-26T01:59:34.575074+01:00] shop_logger.INFO: Product Page Visited {"product_id":128,"ip":"::1"} []
[2025-12-26T02:01:19.839839+01:00] shop_logger.INFO: Product Page Visited {"product_id":128,"ip":"::1"} []
[2025-12-26T02:06:59.194269+01:00] shop_logger.INFO: Product Page Visited {"product_id":128,"ip":"::1"} []
[2025-12-26T02:08:24.223883+01:00] shop_logger.INFO: Product Page Visited {"product_id":128,"ip":"::1"} []
[2025-12-26T02:08:56.436690+01:00] shop_logger.INFO: Product Page Visited {"product_id":128,"ip":"::1"} []
[2025-12-26T02:09:17.362557+01:00] shop_logger.INFO: Product Page Visited {"product_id":128,"ip":"::1"} []
[2025-12-26T02:11:59.626944+01:00] shop_logger.INFO: Product Page Visited {"product_id":128,"ip":"::1"} []
[2025-12-26T02:28:27.771292+01:00] shop_logger.INFO: Product Page Visited {"product_id":128,"ip":"::1"} []
[2025-12-26T02:30:03.259525+01:00] shop_logger.INFO: Product Page Visited {"product_id":128,"ip":"::1"} []
[2025-12-26T02:44:21.755026+01:00] shop_logger.INFO: Product Page Visited {"product_id":128,"ip":"::1"} []
[2025-12-26T02:45:52.917192+01:00] shop_logger.INFO: Product Page Visited {"product_id":128,"ip":"::1"} []
[2025-12-26T02:46:12.572058+01:00] shop_logger.INFO: Product Page Visited {"product_id":128,"ip":"::1"} []
[2025-12-26T02:46:30.514180+01:00] shop_logger.INFO: Product Page Visited {"product_id":128,"ip":"::1"} []
[2025-12-26T02:47:10.155331+01:00] shop_logger.INFO: Product Page Visited {"product_id":128,"ip":"::1"} []
[2025-12-26T02:48:24.482951+01:00] shop_logger.INFO: Product Page Visited {"product_id":128,"ip":"::1"} []
[2025-12-26T20:19:36.250865+01:00] shop_logger.INFO: Product Page Visited {"product_id":128,"ip":"::1"} []
[2025-12-26T20:19:56.460547+01:00] shop_logger.ERROR: Product not found via API: ID 128 - cURL Error: Operation timed out after 20007 milliseconds with 0 bytes received [] []
[2025-12-26T20:20:18.314089+01:00] shop_logger.INFO: Product Page Visited {"product_id":128,"ip":"::1"} []
[2025-12-26T20:20:38.628298+01:00] shop_logger.ERROR: Product not found via API: ID 128 - cURL Error: Operation timed out after 20297 milliseconds with 0 bytes received [] []
[2025-12-26T20:20:53.002160+01:00] shop_logger.INFO: Product Page Visited {"product_id":128,"ip":"::1"} []
[2025-12-26T20:41:36.956624+01:00] shop_logger.INFO: Product Page Visited {"product_id":128,"ip":"::1"} []
[2025-12-26T20:42:41.745015+01:00] shop_logger.INFO: Product Page Visited {"product_id":128,"ip":"::1"} []
[2025-12-26T20:43:01.914521+01:00] shop_logger.ERROR: Product not found via API: ID 128 - cURL Error: Operation timed out after 20011 milliseconds with 0 bytes received [] []
[2025-12-26T20:43:06.663767+01:00] shop_logger.INFO: Product Page Visited {"product_id":128,"ip":"::1"} []
[2025-12-26T20:50:31.457230+01:00] shop_logger.INFO: Product Page Visited {"product_id":128,"ip":"::1"} []
[2025-12-26T20:53:27.301420+01:00] shop_logger.INFO: Product Page Visited {"product_id":128,"ip":"::1"} []
[2025-12-26T20:53:42.402730+01:00] shop_logger.INFO: Product Page Visited {"product_id":128,"ip":"::1"} []
[2025-12-26T20:55:14.824397+01:00] shop_logger.INFO: Product Page Visited {"product_id":128,"ip":"::1"} []
[2025-12-26T20:56:28.315644+01:00] shop_logger.INFO: Product Page Visited {"product_id":128,"ip":"::1"} []
[2025-12-26T21:24:21.669265+01:00] shop_logger.INFO: Product Page Visited {"product_id":128,"ip":"::1"} []
[2025-12-26T21:40:02.590048+01:00] shop_logger.INFO: Product Page Visited {"product_id":128,"ip":"::1"} []
[2025-12-26T21:41:18.705252+01:00] shop_logger.INFO: Product Page Visited {"product_id":128,"ip":"::1"} []
[2025-12-26T21:55:45.830058+01:00] shop_logger.INFO: Product Page Visited {"product_id":128,"ip":"::1"} []
[2025-12-26T21:58:32.802861+01:00] shop_logger.INFO: Product Page Visited {"product_id":128,"ip":"::1"} []
[2025-12-26T23:08:09.132569+01:00] shop_logger.INFO: Product Page Visited {"product_id":128,"ip":"::1"} []
[2025-12-26T23:28:41.243223+01:00] shop_logger.INFO: Product Page Visited {"product_id":128,"ip":"::1"} []
[2025-12-26T23:29:17.064156+01:00] shop_logger.INFO: Product Page Visited {"product_id":128,"ip":"::1"} []
[2025-12-26T23:33:54.432750+01:00] shop_logger.INFO: Product Page Visited {"product_id":128,"ip":"::1"} []
[2025-12-26T23:38:36.648318+01:00] shop_logger.INFO: Product Page Visited {"product_id":128,"ip":"::1"} []
[2025-12-26T23:38:53.383379+01:00] shop_logger.INFO: Product Page Visited {"product_id":128,"ip":"::1"} []
[2025-12-26T23:47:47.242191+01:00] shop_logger.INFO: Product Page Visited {"product_id":128,"ip":"::1"} []
[2025-12-27T21:31:10.207399+01:00] shop_logger.INFO: Product Page Visited {"product_id":128,"ip":"::1"} []
[2025-12-27T21:48:47.277422+01:00] shop_logger.INFO: Product Page Visited {"product_id":128,"ip":"::1"} []
[2025-12-27T21:49:25.506174+01:00] shop_logger.INFO: Product Page Visited {"product_id":101,"ip":"::1"} []
[2025-12-27T22:48:51.204616+01:00] shop_logger.INFO: Product Page Visited {"product_id":101,"ip":"::1"} []
[2025-12-27T23:52:38.528905+01:00] shop_logger.INFO: Product Page Visited {"product_id":182,"ip":"::1"} []
[2025-12-27T23:53:17.210479+01:00] shop_logger.INFO: Product Page Visited {"product_id":182,"ip":"::1"} []
[2025-12-27T23:53:39.613387+01:00] shop_logger.INFO: Product Page Visited {"product_id":182,"ip":"::1"} []
[2025-12-28T00:00:18.572057+01:00] shop_logger.INFO: Product Page Visited {"product_id":182,"ip":"::1"} []
[2025-12-28T00:01:59.374678+01:00] shop_logger.INFO: Product Page Visited {"product_id":128,"ip":"::1"} []
[2025-12-28T00:02:32.523689+01:00] shop_logger.INFO: Product Page Visited {"product_id":128,"ip":"::1"} []
[2025-12-28T00:02:37.553119+01:00] shop_logger.INFO: Product Page Visited {"product_id":128,"ip":"::1"} []
[2025-12-28T20:22:02.656621+01:00] shop_logger.INFO: Product Page Visited {"product_id":97,"ip":"::1"} []
[2025-12-28T23:08:52.401747+01:00] shop_logger.INFO: Product Page Visited {"product_id":128,"ip":"::1"} []
[2025-12-28T23:35:44.875083+01:00] shop_logger.INFO: Product Page Visited {"product_id":182,"ip":"::1"} []
[2025-12-28T23:36:39.096505+01:00] shop_logger.INFO: Product Page Visited {"product_id":182,"ip":"::1"} []
[2025-12-29T03:51:47.149974+01:00] shop_logger.INFO: Product Page Visited {"product_id":182,"ip":"::1"} []
[2025-12-29T03:54:12.370693+01:00] shop_logger.INFO: Product Page Visited {"product_id":128,"ip":"::1"} []
[2025-12-29T04:12:35.967573+01:00] shop_logger.INFO: Product Page Visited {"product_id":101,"ip":"::1"} []
[2025-12-29T04:16:40.428790+01:00] shop_logger.INFO: Product Page Visited {"product_id":101,"ip":"::1"} []
[2025-12-29T04:18:09.995861+01:00] shop_logger.INFO: Product Page Visited {"product_id":101,"ip":"::1"} []
[2025-12-29T04:19:21.040110+01:00] shop_logger.INFO: Product Page Visited {"product_id":101,"ip":"::1"} []
[2025-12-29T04:20:18.967175+01:00] shop_logger.INFO: Product Page Visited {"product_id":101,"ip":"::1"} []
[2025-12-29T04:20:31.423382+01:00] shop_logger.INFO: Product Page Visited {"product_id":101,"ip":"::1"} []
[2025-12-29T04:22:57.142526+01:00] shop_logger.INFO: Product Page Visited {"product_id":182,"ip":"::1"} []
[2025-12-29T04:29:38.979563+01:00] shop_logger.INFO: Product Page Visited {"product_id":182,"ip":"::1"} []
[2025-12-29T04:50:49.395953+01:00] shop_logger.INFO: Product Page Visited {"product_id":104,"ip":"::1"} []
[2025-12-29T04:52:25.967148+01:00] shop_logger.INFO: Product Page Visited {"product_id":104,"ip":"::1"} []
[2025-12-29T04:55:50.127394+01:00] shop_logger.INFO: Product Page Visited {"product_id":128,"ip":"::1"} []
[2025-12-29T04:59:44.081510+01:00] shop_logger.INFO: Product Page Visited {"product_id":115,"ip":"::1"} []
[2025-12-29T05:19:33.762998+01:00] shop_logger.INFO: Product Page Visited {"product_id":94,"ip":"::1"} []
[2025-12-29T05:29:15.100432+01:00] shop_logger.INFO: Product Page Visited {"product_id":151,"ip":"::1"} []
[2025-12-29T05:32:02.234069+01:00] shop_logger.INFO: Product Page Visited {"product_id":125,"ip":"::1"} []
[2025-12-29T05:33:21.804403+01:00] shop_logger.INFO: Product Page Visited {"product_id":151,"ip":"::1"} []
[2025-12-29T20:41:38.167877+01:00] shop_logger.INFO: Product Page Visited {"product_id":128,"ip":"::1"} []
[2025-12-29T20:55:45.535840+01:00] shop_logger.INFO: Product Page Visited {"product_id":128,"ip":"::1"} []
[2025-12-29T21:03:35.884588+01:00] shop_logger.INFO: Product Page Visited {"product_id":128,"ip":"::1"} []
[2025-12-29T21:06:43.331101+01:00] shop_logger.INFO: Product Page Visited {"product_id":101,"ip":"::1"} []
[2025-12-29T21:12:54.562244+01:00] shop_logger.INFO: Product Page Visited {"product_id":101,"ip":"::1"} []
[2025-12-29T21:13:29.057562+01:00] shop_logger.INFO: Product Page Visited {"product_id":101,"ip":"::1"} []
[2025-12-29T21:23:54.497749+01:00] shop_logger.INFO: Product Page Visited {"product_id":128,"ip":"::1"} []
[2025-12-29T21:27:56.313790+01:00] shop_logger.INFO: Product Page Visited {"product_id":128,"ip":"::1"} []
[2025-12-29T21:29:00.125853+01:00] shop_logger.INFO: Product Page Visited {"product_id":128,"ip":"::1"} []
[2025-12-29T21:29:49.897064+01:00] shop_logger.INFO: Product Page Visited {"product_id":128,"ip":"::1"} []
[2025-12-29T21:43:25.220963+01:00] shop_logger.INFO: Product Page Visited {"product_id":182,"ip":"::1"} []
[2025-12-29T21:47:42.836741+01:00] shop_logger.INFO: Product Page Visited {"product_id":182,"ip":"::1"} []
[2025-12-29T21:48:28.619876+01:00] shop_logger.INFO: Product Page Visited {"product_id":182,"ip":"::1"} []
[2025-12-29T22:01:13.611010+01:00] shop_logger.INFO: Product Page Visited {"product_id":182,"ip":"::1"} []
[2025-12-29T22:05:20.657101+01:00] shop_logger.INFO: Product Page Visited {"product_id":182,"ip":"::1"} []
[2025-12-29T22:22:58.088031+01:00] shop_logger.INFO: Product Page Visited {"product_id":128,"ip":"::1"} []
[2025-12-29T22:33:39.010335+01:00] shop_logger.INFO: Product Page Visited {"product_id":182,"ip":"::1"} []
[2025-12-29T22:44:32.414632+01:00] shop_logger.INFO: Product Page Visited {"product_id":182,"ip":"::1"} []
[2025-12-29T22:45:39.996987+01:00] shop_logger.INFO: Product Page Visited {"product_id":182,"ip":"::1"} []
[2025-12-29T22:58:00.826935+01:00] shop_logger.INFO: Product Page Visited {"product_id":182,"ip":"::1"} []
[2025-12-30T18:24:46.812542+01:00] shop_logger.INFO: Product Page Visited {"product_id":128,"ip":"::1"} []
[2025-12-30T18:30:12.450201+01:00] shop_logger.INFO: Product Page Visited {"product_id":151,"ip":"::1"} []
[2025-12-30T18:36:05.876980+01:00] shop_logger.INFO: Product Page Visited {"product_id":115,"ip":"::1"} []
[2025-12-30T18:38:02.839440+01:00] shop_logger.INFO: Product Page Visited {"product_id":151,"ip":"::1"} []
[2025-12-30T18:40:57.871514+01:00] shop_logger.INFO: Product Page Visited {"product_id":151,"ip":"::1"} []
[2025-12-30T18:47:25.037680+01:00] shop_logger.INFO: Product Page Visited {"product_id":151,"ip":"::1"} []
[2025-12-30T18:47:57.216684+01:00] shop_logger.INFO: Product Page Visited {"product_id":151,"ip":"::1"} []
[2025-12-30T18:49:09.547960+01:00] shop_logger.INFO: Product Page Visited {"product_id":128,"ip":"::1"} []
[2025-12-30T19:10:57.151042+01:00] shop_logger.INFO: Product Page Visited {"product_id":182,"ip":"::1"} []
[2025-12-30T19:12:07.379765+01:00] shop_logger.INFO: Product Page Visited {"product_id":128,"ip":"::1"} []
[2025-12-31T20:52:22.455992+01:00] shop_logger.INFO: Product Page Visited {"product_id":128,"ip":"::1"} []
[2025-12-31T20:52:42.664195+01:00] shop_logger.ERROR: Product not found via API: ID 128 - cURL Error: Operation timed out after 20012 milliseconds with 0 bytes received [] []
[2025-12-31T20:52:47.709901+01:00] shop_logger.INFO: Product Page Visited {"product_id":128,"ip":"::1"} []
[2025-12-31T20:55:12.701527+01:00] shop_logger.INFO: Product Page Visited {"product_id":128,"ip":"::1"} []
[2025-12-31T23:13:11.879745+01:00] shop_logger.INFO: Product Page Visited {"product_id":128,"ip":"::1"} []
[2025-12-31T23:14:33.489594+01:00] shop_logger.INFO: Product Page Visited {"product_id":128,"ip":"::1"} []
[2025-12-31T23:19:46.211630+01:00] shop_logger.INFO: Product Page Visited {"product_id":75,"ip":"::1"} []
[2025-12-31T23:52:45.482625+01:00] shop_logger.INFO: Product Page Visited {"product_id":182,"ip":"::1"} []
[2026-01-01T00:09:21.184865+01:00] shop_logger.INFO: Product Page Visited {"product_id":182,"ip":"::1"} []
[2026-01-01T00:10:25.929082+01:00] shop_logger.INFO: Product Page Visited {"product_id":125,"ip":"::1"} []
[2026-01-01T00:10:32.904010+01:00] shop_logger.INFO: Product Page Visited {"product_id":125,"ip":"::1"} []
[2026-01-01T00:11:18.188504+01:00] shop_logger.INFO: Product Page Visited {"product_id":125,"ip":"::1"} []
[2026-01-01T00:23:51.999933+01:00] shop_logger.INFO: Product Page Visited {"product_id":97,"ip":"::1"} []
[2026-01-01T00:34:13.960033+01:00] shop_logger.INFO: Product Page Visited {"product_id":128,"ip":"::1"} []
[2026-01-01T00:37:20.788759+01:00] shop_logger.INFO: Product Page Visited {"product_id":75,"ip":"::1"} []
[2026-01-01T18:16:18.239616+01:00] shop_logger.INFO: Product Page Visited {"product_id":128,"ip":"::1"} []
[2026-01-01T18:16:18.448572+01:00] shop_logger.ERROR: Product not found via API: ID 128 - Error: Briefly unavailable for scheduled maintenance. Check back in a minute. [wp_die] [] []
[2026-01-01T18:16:20.887421+01:00] shop_logger.INFO: Product Page Visited {"product_id":128,"ip":"::1"} []
[2026-01-01T18:16:21.101736+01:00] shop_logger.ERROR: Product not found via API: ID 128 - Error: Briefly unavailable for scheduled maintenance. Check back in a minute. [wp_die] [] []
[2026-01-01T18:20:28.939970+01:00] shop_logger.INFO: Product Page Visited {"product_id":97,"ip":"::1"} []
[2026-01-01T18:23:59.075807+01:00] shop_logger.INFO: Product Page Visited {"product_id":128,"ip":"::1"} []
[2026-01-01T18:28:00.177675+01:00] shop_logger.INFO: Product Page Visited {"product_id":128,"ip":"::1"} []
[2026-01-01T18:28:02.339984+01:00] shop_logger.INFO: Product Page Visited {"product_id":128,"ip":"::1"} []
[2026-01-01T18:29:16.991000+01:00] shop_logger.INFO: Product Page Visited {"product_id":128,"ip":"::1"} []
[2026-01-01T18:30:29.563812+01:00] shop_logger.INFO: Product Page Visited {"product_id":75,"ip":"::1"} []
[2026-01-01T18:34:19.914440+01:00] shop_logger.INFO: Product Page Visited {"product_id":75,"ip":"::1"} []
[2026-01-01T19:33:00.772679+01:00] shop_logger.INFO: Product Page Visited {"product_id":75,"ip":"::1"} []
[2026-01-01T19:33:21.145883+01:00] shop_logger.ERROR: Product not found via API: ID 75 - cURL Error: Operation timed out after 20001 milliseconds with 0 bytes received [] []
[2026-01-01T19:34:14.547613+01:00] shop_logger.INFO: Product Page Visited {"product_id":75,"ip":"::1"} []
[2026-01-01T19:34:34.714402+01:00] shop_logger.ERROR: Product not found via API: ID 75 - cURL Error: Operation timed out after 20008 milliseconds with 0 bytes received [] []
[2026-01-01T19:39:24.543874+01:00] shop_logger.INFO: Product Page Visited {"product_id":182,"ip":"::1"} []
[2026-01-01T19:41:53.190634+01:00] shop_logger.INFO: Product Page Visited {"product_id":182,"ip":"::1"} []
[2026-01-01T19:44:35.408021+01:00] shop_logger.INFO: Product Page Visited {"product_id":182,"ip":"::1"} []
[2026-01-01T19:45:13.038314+01:00] shop_logger.INFO: Product Page Visited {"product_id":182,"ip":"::1"} []
[2026-01-01T19:57:05.891462+01:00] shop_logger.INFO: Product Page Visited {"product_id":128,"ip":"::1"} []
[2026-01-01T20:38:45.709266+01:00] shop_logger.INFO: Product Page Visited {"product_id":128,"ip":"::1"} []
[2026-01-01T20:43:23.318882+01:00] shop_logger.INFO: Product Page Visited {"product_id":182,"ip":"::1"} []
[2026-01-01T20:44:00.535655+01:00] shop_logger.INFO: Product Page Visited {"product_id":182,"ip":"::1"} []
[2026-01-01T20:44:41.717385+01:00] shop_logger.INFO: Product Page Visited {"product_id":182,"ip":"::1"} []
[2026-01-01T20:46:02.689880+01:00] shop_logger.INFO: Product Page Visited {"product_id":182,"ip":"::1"} []
[2026-01-02T02:29:02.958186+01:00] shop_logger.INFO: Product Page Visited {"product_id":104,"ip":"::1"} []
[2026-01-02T02:30:13.621671+01:00] shop_logger.INFO: Product Page Visited {"product_id":128,"ip":"::1"} []
[2026-01-02T02:36:20.081263+01:00] shop_logger.INFO: Product Page Visited {"product_id":128,"ip":"::1"} []
[2026-01-02T02:37:54.639209+01:00] shop_logger.INFO: Product Page Visited {"product_id":128,"ip":"::1"} []
[2026-01-02T02:44:23.650663+01:00] shop_logger.INFO: Product Page Visited {"product_id":151,"ip":"::1"} []
[2026-01-02T02:53:43.798663+01:00] shop_logger.INFO: Product Page Visited {"product_id":182,"ip":"::1"} []
[2026-01-02T02:57:17.529042+01:00] shop_logger.INFO: Product Page Visited {"product_id":182,"ip":"::1"} []
[2026-01-02T03:57:11.345051+01:00] shop_logger.INFO: Product Page Visited {"product_id":182,"ip":"::1"} []
[2026-01-02T03:57:31.365377+01:00] shop_logger.ERROR: Product not found via API: ID 182 - cURL Error: Operation timed out after 20007 milliseconds with 0 bytes received [] []
[2026-01-02T03:57:51.406839+01:00] shop_logger.INFO: Product Page Visited {"product_id":182,"ip":"127.0.0.1"} []
[2026-01-02T03:58:11.438113+01:00] shop_logger.ERROR: Product not found via API: ID 182 - cURL Error: Operation timed out after 20012 milliseconds with 0 bytes received [] []
[2026-01-02T03:58:28.322873+01:00] shop_logger.INFO: Product Page Visited {"product_id":182,"ip":"::1"} []
[2026-01-02T04:03:53.214279+01:00] shop_logger.INFO: Product Page Visited {"product_id":128,"ip":"::1"} []
[2026-01-02T04:07:20.726681+01:00] shop_logger.INFO: Product Page Visited {"product_id":128,"ip":"::1"} []
[2026-01-02T04:08:52.176852+01:00] shop_logger.INFO: Product Page Visited {"product_id":101,"ip":"::1"} []
[2026-01-02T04:12:39.667329+01:00] shop_logger.INFO: Product Page Visited {"product_id":101,"ip":"::1"} []
[2026-01-02T04:35:19.441271+01:00] shop_logger.INFO: Product Page Visited {"product_id":128,"ip":"::1"} []
[2026-01-02T17:59:00.355751+01:00] shop_logger.INFO: Product Page Visited {"product_id":94,"ip":"::1"} []
[2026-01-02T17:59:20.376540+01:00] shop_logger.ERROR: Product not found via API: ID 94 - cURL Error: Operation timed out after 20001 milliseconds with 0 bytes received [] []
[2026-01-02T17:59:55.193729+01:00] shop_logger.INFO: Product Page Visited {"product_id":94,"ip":"::1"} []
[2026-01-02T18:02:44.855389+01:00] shop_logger.INFO: Product Page Visited {"product_id":94,"ip":"::1"} []
[2026-01-02T18:04:55.896044+01:00] shop_logger.INFO: Product Page Visited {"product_id":94,"ip":"::1"} []
[2026-01-02T18:36:27.277467+01:00] shop_logger.INFO: Product Page Visited {"product_id":94,"ip":"::1"} []
[2026-01-02T18:36:47.314911+01:00] shop_logger.ERROR: Product not found via API: ID 94 - cURL Error: Operation timed out after 20016 milliseconds with 0 bytes received [] []
[2026-01-02T18:41:04.353857+01:00] shop_logger.INFO: Product Page Visited {"product_id":128,"ip":"::1"} []
[2026-01-02T18:41:49.311377+01:00] shop_logger.INFO: Product Page Visited {"product_id":128,"ip":"::1"} []
[2026-01-02T18:42:20.803600+01:00] shop_logger.INFO: Product Page Visited {"product_id":128,"ip":"::1"} []
[2026-01-02T18:43:43.149473+01:00] shop_logger.INFO: Product Page Visited {"product_id":128,"ip":"::1"} []
[2026-01-02T20:06:28.388136+01:00] shop_logger.INFO: Product Page Visited {"product_id":128,"ip":"::1"} []
[2026-01-02T21:14:10.738401+01:00] shop_logger.INFO: Product Page Visited {"product_id":128,"ip":"::1"} []
[2026-01-02T21:14:30.960858+01:00] shop_logger.ERROR: Product not found via API: ID 128 - cURL Error: Operation timed out after 20016 milliseconds with 0 bytes received [] []
[2026-01-02T21:14:39.113571+01:00] shop_logger.INFO: Product Page Visited {"product_id":128,"ip":"::1"} []
[2026-01-02T21:28:54.028688+01:00] shop_logger.INFO: Product Page Visited {"product_id":151,"ip":"::1"} []
[2026-01-02T21:32:52.020755+01:00] shop_logger.INFO: Product Page Visited {"product_id":151,"ip":"::1"} []
[2026-01-03T03:18:53.241725+01:00] shop_logger.INFO: Product Page Visited {"product_id":128,"ip":"::1"} []
[2026-01-03T03:18:53.866650+01:00] shop_logger.ERROR: Product not found via API: ID 128 - Error: Briefly unavailable for scheduled maintenance. Check back in a minute. [wp_die] [] []
[2026-01-03T03:18:57.760846+01:00] shop_logger.INFO: Product Page Visited {"product_id":128,"ip":"::1"} []
[2026-01-03T03:18:58.122098+01:00] shop_logger.ERROR: Product not found via API: ID 128 - Error: Briefly unavailable for scheduled maintenance. Check back in a minute. [wp_die] [] []
[2026-01-03T03:20:33.534234+01:00] shop_logger.INFO: Product Page Visited {"product_id":128,"ip":"::1"} []
[2026-01-03T03:20:33.982875+01:00] shop_logger.ERROR: Product not found via API: ID 128 - Error: Briefly unavailable for scheduled maintenance. Check back in a minute. [wp_die] [] []
[2026-01-03T03:21:41.789170+01:00] shop_logger.INFO: Product Page Visited {"product_id":128,"ip":"::1"} []
[2026-01-03T03:21:42.396124+01:00] shop_logger.ERROR: Product not found via API: ID 128 - Error: Briefly unavailable for scheduled maintenance. Check back in a minute. [wp_die] [] []
[2026-01-03T03:21:46.104893+01:00] shop_logger.INFO: Product Page Visited {"product_id":128,"ip":"::1"} []
[2026-01-03T03:21:46.398401+01:00] shop_logger.ERROR: Product not found via API: ID 128 - Error: Briefly unavailable for scheduled maintenance. Check back in a minute. [wp_die] [] []
[2026-01-03T03:21:57.971880+01:00] shop_logger.INFO: Product Page Visited {"product_id":182,"ip":"::1"} []
[2026-01-03T03:21:58.092707+01:00] shop_logger.ERROR: Product not found via API: ID 182 - Error: Briefly unavailable for scheduled maintenance. Check back in a minute. [wp_die] [] []
[2026-01-03T03:22:00.630105+01:00] shop_logger.INFO: Product Page Visited {"product_id":182,"ip":"::1"} []
[2026-01-03T03:22:00.735847+01:00] shop_logger.ERROR: Product not found via API: ID 182 - Error: Briefly unavailable for scheduled maintenance. Check back in a minute. [wp_die] [] []
[2026-01-03T03:22:27.844924+01:00] shop_logger.INFO: Product Page Visited {"product_id":182,"ip":"::1"} []
[2026-01-03T03:27:02.340036+01:00] shop_logger.INFO: Product Page Visited {"product_id":182,"ip":"::1"} []
[2026-01-03T03:40:28.611557+01:00] shop_logger.INFO: Product Page Visited {"product_id":151,"ip":"::1"} []
[2026-01-03T03:47:18.328398+01:00] shop_logger.INFO: Product Page Visited {"product_id":182,"ip":"::1"} []
[2026-01-03T04:17:44.482863+01:00] shop_logger.INFO: Product Page Visited {"product_id":112,"ip":"::1"} []
[2026-01-03T04:18:05.356672+01:00] shop_logger.ERROR: Product not found via API: ID 112 - cURL Error: Operation timed out after 20014 milliseconds with 0 bytes received [] []
[2026-01-03T04:18:08.503673+01:00] shop_logger.INFO: Product Page Visited {"product_id":112,"ip":"::1"} []
[2026-01-03T04:18:28.524428+01:00] shop_logger.ERROR: Product not found via API: ID 112 - cURL Error: Operation timed out after 20005 milliseconds with 0 bytes received [] []
[2026-01-03T04:18:54.073284+01:00] shop_logger.INFO: Product Page Visited {"product_id":112,"ip":"::1"} []
[2026-01-03T04:19:14.241675+01:00] shop_logger.ERROR: Product not found via API: ID 112 - cURL Error: Operation timed out after 20005 milliseconds with 0 bytes received [] []
[2026-01-03T04:19:25.033932+01:00] shop_logger.INFO: Product Page Visited {"product_id":112,"ip":"::1"} []
[2026-01-03T04:19:45.057305+01:00] shop_logger.ERROR: Product not found via API: ID 112 - cURL Error: Operation timed out after 20000 milliseconds with 0 bytes received [] []
[2026-01-03T04:57:39.933581+01:00] shop_logger.INFO: Product Page Visited {"product_id":121,"ip":"::1"} []
[2026-01-03T05:12:30.033076+01:00] shop_logger.INFO: Product Page Visited {"product_id":121,"ip":"::1"} []
[2026-01-03T05:13:30.435589+01:00] shop_logger.INFO: Product Page Visited {"product_id":121,"ip":"::1"} []
[2026-01-03T05:26:40.512996+01:00] shop_logger.INFO: Product Page Visited {"product_id":128,"ip":"::1"} []
[2026-01-03T05:27:44.804450+01:00] shop_logger.INFO: Product Page Visited {"product_id":128,"ip":"::1"} []
[2026-01-03T05:30:01.213054+01:00] shop_logger.INFO: Product Page Visited {"product_id":128,"ip":"::1"} []
[2026-01-03T05:32:23.530952+01:00] shop_logger.INFO: Product Page Visited {"product_id":128,"ip":"::1"} []
[2026-01-03T05:32:58.069266+01:00] shop_logger.INFO: Product Page Visited {"product_id":128,"ip":"::1"} []
[2026-01-03T05:33:29.567944+01:00] shop_logger.INFO: Product Page Visited {"product_id":128,"ip":"::1"} []
[2026-01-03T05:34:03.761592+01:00] shop_logger.INFO: Product Page Visited {"product_id":128,"ip":"::1"} []
[2026-01-03T05:35:08.736292+01:00] shop_logger.INFO: Product Page Visited {"product_id":128,"ip":"::1"} []
[2026-01-03T05:36:23.033366+01:00] shop_logger.INFO: Product Page Visited {"product_id":128,"ip":"::1"} []
[2026-01-03T06:00:26.018993+01:00] shop_logger.INFO: Product Page Visited {"product_id":128,"ip":"::1"} []
[2026-01-03T06:01:36.052158+01:00] shop_logger.INFO: Product Page Visited {"product_id":128,"ip":"::1"} []
[2026-01-03T06:02:55.982331+01:00] shop_logger.INFO: Product Page Visited {"product_id":128,"ip":"::1"} []
[2026-01-03T06:03:52.229312+01:00] shop_logger.INFO: Product Page Visited {"product_id":128,"ip":"::1"} []
[2026-01-03T06:04:47.826584+01:00] shop_logger.INFO: Product Page Visited {"product_id":128,"ip":"::1"} []
[2026-01-03T06:05:58.126936+01:00] shop_logger.INFO: Product Page Visited {"product_id":128,"ip":"::1"} []
[2026-01-03T16:28:22.882144+01:00] shop_logger.INFO: Product Page Visited {"product_id":121,"ip":"::1"} []
[2026-01-03T17:06:45.610237+01:00] shop_logger.INFO: Product Page Visited {"product_id":182,"ip":"::1"} []
[2026-01-03T17:07:05.666056+01:00] shop_logger.ERROR: Product not found via API: ID 182 - cURL Error: Operation timed out after 20018 milliseconds with 0 bytes received [] []
[2026-01-03T17:07:22.067183+01:00] shop_logger.INFO: Product Page Visited {"product_id":182,"ip":"::1"} []
[2026-01-03T17:07:42.131355+01:00] shop_logger.ERROR: Product not found via API: ID 182 - cURL Error: Operation timed out after 20009 milliseconds with 0 bytes received [] []
[2026-01-03T17:07:46.742027+01:00] shop_logger.INFO: Product Page Visited {"product_id":182,"ip":"::1"} []
[2026-01-03T18:17:37.546351+01:00] shop_logger.INFO: Product Page Visited {"product_id":182,"ip":"::1"} []
[2026-01-03T18:17:57.601467+01:00] shop_logger.ERROR: Product not found via API: ID 182 - cURL Error: Operation timed out after 20015 milliseconds with 0 bytes received [] []
[2026-01-03T18:23:01.344487+01:00] shop_logger.INFO: Product Page Visited {"product_id":128,"ip":"::1"} []
[2026-01-03T18:24:07.875898+01:00] shop_logger.INFO: Product Page Visited {"product_id":128,"ip":"::1"} []
[2026-01-03T18:24:09.009647+01:00] shop_logger.INFO: Product Page Visited {"product_id":128,"ip":"::1"} []
[2026-01-03T18:27:50.848912+01:00] shop_logger.INFO: Product Page Visited {"product_id":128,"ip":"::1"} []
[2026-01-03T18:46:00.799323+01:00] shop_logger.INFO: Product Page Visited {"product_id":128,"ip":"::1"} []
[2026-01-03T18:48:46.131047+01:00] shop_logger.INFO: Product Page Visited {"product_id":128,"ip":"::1"} []
[2026-01-03T18:49:12.633743+01:00] shop_logger.INFO: Product Page Visited {"product_id":128,"ip":"::1"} []
[2026-01-03T18:52:25.064634+01:00] shop_logger.INFO: Product Page Visited {"product_id":128,"ip":"::1"} []
[2026-01-03T18:53:47.216241+01:00] shop_logger.INFO: Product Page Visited {"product_id":97,"ip":"::1"} []
[2026-01-03T18:58:59.288034+01:00] shop_logger.INFO: Product Page Visited {"product_id":97,"ip":"::1"} []
[2026-01-03T19:08:33.595211+01:00] shop_logger.INFO: Product Page Visited {"product_id":94,"ip":"::1"} []
[2026-01-03T19:10:44.321247+01:00] shop_logger.INFO: Product Page Visited {"product_id":128,"ip":"::1"} []
[2026-01-03T19:13:39.307959+01:00] shop_logger.INFO: Product Page Visited {"product_id":128,"ip":"::1"} []
[2026-01-03T19:18:52.889955+01:00] shop_logger.INFO: Product Page Visited {"product_id":128,"ip":"::1"} []
[2026-01-03T19:54:38.868018+01:00] shop_logger.INFO: Product Page Visited {"product_id":128,"ip":"::1"} []
[2026-01-03T19:59:23.962395+01:00] shop_logger.INFO: Product Page Visited {"product_id":115,"ip":"::1"} []
[2026-01-03T20:01:13.409682+01:00] shop_logger.INFO: Product Page Visited {"product_id":115,"ip":"::1"} []
[2026-01-04T03:20:50.806742+01:00] shop_logger.INFO: Product Page Visited {"product_id":182,"ip":"::1"} []
[2026-01-04T03:25:39.888010+01:00] shop_logger.INFO: Product Page Visited {"product_id":182,"ip":"::1"} []
[2026-01-04T03:26:32.861948+01:00] shop_logger.INFO: Product Page Visited {"product_id":112,"ip":"::1"} []
[2026-01-04T03:29:29.453338+01:00] shop_logger.INFO: Product Page Visited {"product_id":125,"ip":"::1"} []
[2026-01-04T03:33:41.698165+01:00] shop_logger.INFO: Product Page Visited {"product_id":125,"ip":"::1"} []
[2026-01-04T03:41:24.947688+01:00] shop_logger.INFO: Product Page Visited {"product_id":125,"ip":"::1"} []
[2026-01-04T03:41:39.346988+01:00] shop_logger.INFO: Product Page Visited {"product_id":182,"ip":"::1"} []
[2026-01-04T03:45:14.283150+01:00] shop_logger.INFO: Product Page Visited {"product_id":82,"ip":"::1"} []
[2026-01-04T03:45:34.350416+01:00] shop_logger.ERROR: Product not found via API: ID 82 - cURL Error: Operation timed out after 20007 milliseconds with 0 bytes received [] []
[2026-01-04T03:45:39.980992+01:00] shop_logger.INFO: Product Page Visited {"product_id":82,"ip":"::1"} []
[2026-01-04T04:04:15.777312+01:00] shop_logger.INFO: Product Page Visited {"product_id":82,"ip":"::1"} []
[2026-01-04T04:06:48.837364+01:00] shop_logger.INFO: Product Page Visited {"product_id":182,"ip":"::1"} []
[2026-01-04T04:11:54.668922+01:00] shop_logger.INFO: Product Page Visited {"product_id":182,"ip":"::1"} []
[2026-01-04T04:13:39.546936+01:00] shop_logger.INFO: Product Page Visited {"product_id":128,"ip":"::1"} []
[2026-01-04T04:18:01.684049+01:00] shop_logger.INFO: Product Page Visited {"product_id":128,"ip":"::1"} []
[2026-01-04T04:29:28.826949+01:00] shop_logger.INFO: Product Page Visited {"product_id":128,"ip":"::1"} []
[2026-01-04T04:32:59.573759+01:00] shop_logger.INFO: Product Page Visited {"product_id":128,"ip":"::1"} []
[2026-01-04T05:04:20.406999+01:00] shop_logger.INFO: Product Page Visited {"product_id":128,"ip":"::1"} []
[2026-01-04T05:07:46.551973+01:00] shop_logger.INFO: Product Page Visited {"product_id":128,"ip":"::1"} []
[2026-01-04T05:20:36.925866+01:00] shop_logger.INFO: Product Page Visited {"product_id":128,"ip":"::1"} []
[2026-01-07T01:58:56.374070+01:00] shop_logger.INFO: Product Page Visited {"product_id":49,"ip":"::1"} []
[2026-01-07T01:59:33.242711+01:00] shop_logger.INFO: Product Page Visited {"product_id":49,"ip":"::1"} []
[2026-01-07T02:00:09.449592+01:00] shop_logger.INFO: Product Page Visited {"product_id":49,"ip":"::1"} []
[2026-01-12T19:26:56.799753+01:00] shop_logger.INFO: Product Page Visited {"product_id":49,"ip":"::1"} []
[2026-01-12T19:29:57.575892+01:00] shop_logger.INFO: Product Page Visited {"product_id":49,"ip":"::1"} []
[2026-01-12T19:35:00.062180+01:00] shop_logger.INFO: Product Page Visited {"product_id":49,"ip":"::1"} []
[2026-01-12T19:35:03.289850+01:00] shop_logger.INFO: Product Page Visited {"product_id":49,"ip":"::1"} []
[2026-01-12T19:35:15.891491+01:00] shop_logger.INFO: Product Page Visited {"product_id":49,"ip":"::1"} []
[2026-01-12T19:43:39.187397+01:00] shop_logger.INFO: Product Page Visited {"product_id":49,"ip":"::1"} []
[2026-01-12T19:43:41.056145+01:00] shop_logger.INFO: Product Page Visited {"product_id":49,"ip":"::1"} []
[2026-01-12T20:01:57.584849+01:00] shop_logger.INFO: Product Page Visited {"product_id":49,"ip":"::1"} []
[2026-01-12T20:09:51.008794+01:00] shop_logger.INFO: Product Page Visited {"product_id":49,"ip":"::1"} []
[2026-01-12T20:10:06.830093+01:00] shop_logger.INFO: Product Page Visited {"product_id":49,"ip":"::1"} []
[2026-01-12T20:11:06.840961+01:00] shop_logger.INFO: Product Page Visited {"product_id":49,"ip":"::1"} []
[2026-01-12T22:10:53.811725+01:00] shop_logger.INFO: Product Page Visited {"product_id":49,"ip":"::1"} []
[2026-01-12T22:11:33.132510+01:00] shop_logger.INFO: Product Page Visited {"product_id":49,"ip":"::1"} []
[2026-01-12T22:11:49.808205+01:00] shop_logger.INFO: Product Page Visited {"product_id":49,"ip":"::1"} []
[2026-01-12T22:18:41.821269+01:00] shop_logger.INFO: Product Page Visited {"product_id":49,"ip":"::1"} []
[2026-01-12T22:22:51.869610+01:00] shop_logger.INFO: Product Page Visited {"product_id":49,"ip":"::1"} []
[2026-01-12T22:23:20.880005+01:00] shop_logger.INFO: Product Page Visited {"product_id":49,"ip":"::1"} []
[2026-01-12T22:23:50.436510+01:00] shop_logger.INFO: Product Page Visited {"product_id":49,"ip":"::1"} []
[2026-01-12T22:27:51.336075+01:00] shop_logger.INFO: Product Page Visited {"product_id":49,"ip":"::1"} []
[2026-01-12T22:28:57.780921+01:00] shop_logger.INFO: Product Page Visited {"product_id":49,"ip":"::1"} []
[2026-01-12T22:45:42.713553+01:00] shop_logger.INFO: Product Page Visited {"product_id":49,"ip":"::1"} []
