[2025-12-18T22:54:27.224520+01:00] wc_store.WARNING: Could not retrieve ID for category: عطور. Error: cURL Error: Operation timed out after 30003 milliseconds with 0 bytes received [] []
[2025-12-21T21:58:39.443626+01:00] wc_store.ERROR: WooCommerce API Error (HTTP) fetching Featured Products: cURL Error: Operation timed out after 30132 milliseconds with 0 bytes received [] []
[2025-12-25T03:16:59.831573+01:00] wc_store.ERROR: WooCommerce API Error (HTTP) fetching عطور: cURL Error: Operation timed out after 30002 milliseconds with 0 bytes received [] []
[2025-12-25T03:17:29.846870+01:00] wc_store.WARNING: Could not retrieve ID for category: ساعات. Error: cURL Error: Operation timed out after 30010 milliseconds with 0 bytes received [] []
[2025-12-25T23:38:36.114188+01:00] wc_store.WARNING: Could not retrieve ID for category: عطور. Error: Error: Briefly unavailable for scheduled maintenance. Check back in a minute. [wp_die] [] []
[2025-12-25T23:38:36.702499+01:00] wc_store.WARNING: Could not retrieve ID for category: ساعات. Error: Error: Briefly unavailable for scheduled maintenance. Check back in a minute. [wp_die] [] []
[2025-12-25T23:38:36.994261+01:00] wc_store.ERROR: WooCommerce API Error (HTTP) fetching Featured Products: Error: Briefly unavailable for scheduled maintenance. Check back in a minute. [wp_die] [] []
[2025-12-25T23:39:09.580052+01:00] wc_store.WARNING: Could not retrieve ID for category: عطور. Error: Error: Briefly unavailable for scheduled maintenance. Check back in a minute. [wp_die] [] []
[2025-12-25T23:39:10.526627+01:00] wc_store.WARNING: Could not retrieve ID for category: ساعات. Error: Error: Briefly unavailable for scheduled maintenance. Check back in a minute. [wp_die] [] []
[2025-12-25T23:39:11.232186+01:00] wc_store.ERROR: WooCommerce API Error (HTTP) fetching Featured Products: Error: Briefly unavailable for scheduled maintenance. Check back in a minute. [wp_die] [] []
[2025-12-26T00:56:03.101597+01:00] wc_store.WARNING: Could not retrieve ID for category: عطور. Error: cURL Error: Operation timed out after 30006 milliseconds with 0 bytes received [] []
[2025-12-26T01:23:55.282179+01:00] wc_store.WARNING: Could not retrieve ID for category: عطور. Error: cURL Error: Operation timed out after 30015 milliseconds with 0 bytes received [] []
[2025-12-26T02:47:37.853736+01:00] wc_store.ERROR: Error fetching related products: Error: Briefly unavailable for scheduled maintenance. Check back in a minute. [wp_die] [] []
[2025-12-26T02:48:25.819467+01:00] wc_store.ERROR: Error fetching related products: Error: Briefly unavailable for scheduled maintenance. Check back in a minute. [wp_die] [] []
[2025-12-26T20:21:56.953329+01:00] wc_store.WARNING: Could not retrieve ID for category: عطور. Error: Error: Briefly unavailable for scheduled maintenance. Check back in a minute. [wp_die] [] []
[2025-12-26T20:21:57.750186+01:00] wc_store.WARNING: Could not retrieve ID for category: ساعات. Error: Error: Briefly unavailable for scheduled maintenance. Check back in a minute. [wp_die] [] []
[2025-12-26T20:21:58.254580+01:00] wc_store.ERROR: WooCommerce API Error (HTTP) fetching Featured Products: Error: Briefly unavailable for scheduled maintenance. Check back in a minute. [wp_die] [] []
[2025-12-26T20:26:41.225331+01:00] wc_store.WARNING: Could not retrieve ID for category: عطور. Error: cURL Error: Operation timed out after 30016 milliseconds with 0 bytes received [] []
[2025-12-26T20:27:11.240692+01:00] wc_store.WARNING: Could not retrieve ID for category: ساعات. Error: cURL Error: Operation timed out after 30006 milliseconds with 0 bytes received [] []
[2025-12-29T03:38:56.846331+01:00] wc_store.ERROR: WooCommerce API Error (HTTP) fetching Featured Products: Error: Briefly unavailable for scheduled maintenance. Check back in a minute. [wp_die] [] []
[2025-12-29T03:43:25.515744+01:00] wc_store.ERROR: WooCommerce API Error (HTTP) fetching Featured Products: Error: Briefly unavailable for scheduled maintenance. Check back in a minute. [wp_die] [] []
[2025-12-29T03:43:39.427865+01:00] wc_store.ERROR: WooCommerce API Error (HTTP) fetching Featured Products: Error: Briefly unavailable for scheduled maintenance. Check back in a minute. [wp_die] [] []
[2025-12-29T20:37:20.301506+01:00] wc_store.WARNING: Could not retrieve ID for category: عطور. Error: Error: Briefly unavailable for scheduled maintenance. Check back in a minute. [wp_die] [] []
[2025-12-29T20:37:20.587346+01:00] wc_store.WARNING: Could not retrieve ID for category: ساعات. Error: Error: Briefly unavailable for scheduled maintenance. Check back in a minute. [wp_die] [] []
[2025-12-29T20:37:20.846094+01:00] wc_store.ERROR: WooCommerce API Error (HTTP) fetching Featured Products: Error: Briefly unavailable for scheduled maintenance. Check back in a minute. [wp_die] [] []
[2025-12-31T20:55:31.544585+01:00] wc_store.WARNING: Could not retrieve ID for category: عطور. Error: Error: Briefly unavailable for scheduled maintenance. Check back in a minute. [wp_die] [] []
[2025-12-31T20:55:32.152144+01:00] wc_store.WARNING: Could not retrieve ID for category: ساعات. Error: Error: Briefly unavailable for scheduled maintenance. Check back in a minute. [wp_die] [] []
[2025-12-31T20:55:32.571652+01:00] wc_store.ERROR: WooCommerce API Error (HTTP) fetching Featured Products: Error: Briefly unavailable for scheduled maintenance. Check back in a minute. [wp_die] [] []
[2025-12-31T20:56:03.920993+01:00] wc_store.WARNING: Could not retrieve ID for category: عطور. Error: Error: Briefly unavailable for scheduled maintenance. Check back in a minute. [wp_die] [] []
[2025-12-31T20:56:04.340814+01:00] wc_store.WARNING: Could not retrieve ID for category: ساعات. Error: Error: Briefly unavailable for scheduled maintenance. Check back in a minute. [wp_die] [] []
[2025-12-31T20:56:04.933567+01:00] wc_store.ERROR: WooCommerce API Error (HTTP) fetching Featured Products: Error: Briefly unavailable for scheduled maintenance. Check back in a minute. [wp_die] [] []
[2026-01-01T18:13:11.890988+01:00] wc_store.ERROR: WooCommerce API Error (HTTP) fetching Featured Products: Error: Briefly unavailable for scheduled maintenance. Check back in a minute. [wp_die] [] []
[2026-01-01T18:17:56.167253+01:00] wc_store.WARNING: Could not retrieve ID for category: عطور. Error: cURL Error: Operation timed out after 30004 milliseconds with 0 bytes received [] []
[2026-01-01T18:17:59.968310+01:00] wc_store.WARNING: Could not retrieve ID for category: عطور. Error: cURL Error: Operation timed out after 30009 milliseconds with 0 bytes received [] []
[2026-01-01T19:46:10.908853+01:00] wc_store.WARNING: Could not retrieve ID for category: عطور. Error: cURL Error: Operation timed out after 30006 milliseconds with 0 bytes received [] []
[2026-01-01T19:46:15.569076+01:00] wc_store.WARNING: Could not retrieve ID for category: عطور. Error: cURL Error: Operation timed out after 30018 milliseconds with 0 bytes received [] []
[2026-01-01T19:46:40.928318+01:00] wc_store.WARNING: Could not retrieve ID for category: ساعات. Error: cURL Error: Operation timed out after 30015 milliseconds with 0 bytes received [] []
[2026-01-01T19:46:45.591308+01:00] wc_store.WARNING: Could not retrieve ID for category: ساعات. Error: cURL Error: Operation timed out after 30018 milliseconds with 0 bytes received [] []
[2026-01-01T19:48:56.284086+01:00] wc_store.ERROR: WooCommerce API Error (HTTP) fetching عطور: cURL Error: Operation timed out after 30004 milliseconds with 0 bytes received [] []
[2026-01-02T02:23:43.685128+01:00] wc_store.WARNING: Could not retrieve ID for category: عطور. Error: cURL Error: Operation timed out after 30009 milliseconds with 0 bytes received [] []
[2026-01-02T02:24:58.915894+01:00] wc_store.WARNING: Could not retrieve ID for category: عطور. Error: cURL Error: Operation timed out after 30010 milliseconds with 0 bytes received [] []
[2026-01-02T02:25:05.741069+01:00] wc_store.WARNING: Could not retrieve ID for category: عطور. Error: cURL Error: Operation timed out after 30007 milliseconds with 0 bytes received [] []
[2026-01-02T02:45:07.712928+01:00] wc_store.ERROR: Failed to fetch current product: cURL Error: Operation timed out after 30013 milliseconds with 0 bytes received [] []
[2026-01-02T02:50:07.581945+01:00] wc_store.WARNING: Could not retrieve ID for category: عطور. Error: Error: Briefly unavailable for scheduled maintenance. Check back in a minute. [wp_die] [] []
[2026-01-02T02:50:08.541605+01:00] wc_store.WARNING: Could not retrieve ID for category: عطور. Error: Error: Briefly unavailable for scheduled maintenance. Check back in a minute. [wp_die] [] []
[2026-01-02T02:50:09.263222+01:00] wc_store.WARNING: Could not retrieve ID for category: ساعات. Error: Error: Briefly unavailable for scheduled maintenance. Check back in a minute. [wp_die] [] []
[2026-01-02T02:50:09.880060+01:00] wc_store.WARNING: Could not retrieve ID for category: ساعات. Error: Error: Briefly unavailable for scheduled maintenance. Check back in a minute. [wp_die] [] []
[2026-01-02T02:50:10.431641+01:00] wc_store.ERROR: WooCommerce API Error (HTTP) fetching Featured Products: Error: Briefly unavailable for scheduled maintenance. Check back in a minute. [wp_die] [] []
[2026-01-02T02:50:10.659894+01:00] wc_store.ERROR: WooCommerce API Error (HTTP) fetching Featured Products: Error: Briefly unavailable for scheduled maintenance. Check back in a minute. [wp_die] [] []
[2026-01-02T02:50:27.855873+01:00] wc_store.WARNING: Could not retrieve ID for category: عطور. Error: Error: Briefly unavailable for scheduled maintenance. Check back in a minute. [wp_die] [] []
[2026-01-02T02:50:28.163370+01:00] wc_store.WARNING: Could not retrieve ID for category: ساعات. Error: Error: Briefly unavailable for scheduled maintenance. Check back in a minute. [wp_die] [] []
[2026-01-02T02:50:28.367556+01:00] wc_store.ERROR: WooCommerce API Error (HTTP) fetching Featured Products: Error: Briefly unavailable for scheduled maintenance. Check back in a minute. [wp_die] [] []
[2026-01-02T03:40:54.435749+01:00] wc_store.WARNING: Could not retrieve ID for category: عطور. Error: Error: Briefly unavailable for scheduled maintenance. Check back in a minute. [wp_die] [] []
[2026-01-02T03:40:54.552362+01:00] wc_store.WARNING: Could not retrieve ID for category: ساعات. Error: Error: Briefly unavailable for scheduled maintenance. Check back in a minute. [wp_die] [] []
[2026-01-02T03:40:54.844644+01:00] wc_store.ERROR: WooCommerce API Error (HTTP) fetching Featured Products: Error: Briefly unavailable for scheduled maintenance. Check back in a minute. [wp_die] [] []
[2026-01-02T03:41:04.277063+01:00] wc_store.WARNING: Could not retrieve ID for category: عطور. Error: Error: Briefly unavailable for scheduled maintenance. Check back in a minute. [wp_die] [] []
[2026-01-02T03:41:04.700057+01:00] wc_store.WARNING: Could not retrieve ID for category: ساعات. Error: Error: Briefly unavailable for scheduled maintenance. Check back in a minute. [wp_die] [] []
[2026-01-02T03:41:05.841718+01:00] wc_store.ERROR: WooCommerce API Error (HTTP) fetching Featured Products: Error: Briefly unavailable for scheduled maintenance. Check back in a minute. [wp_die] [] []
[2026-01-02T03:41:11.416927+01:00] wc_store.WARNING: Could not retrieve ID for category: عطور. Error: Error: Briefly unavailable for scheduled maintenance. Check back in a minute. [wp_die] [] []
[2026-01-02T03:41:12.380637+01:00] wc_store.WARNING: Could not retrieve ID for category: ساعات. Error: Error: Briefly unavailable for scheduled maintenance. Check back in a minute. [wp_die] [] []
[2026-01-02T03:41:12.891602+01:00] wc_store.ERROR: WooCommerce API Error (HTTP) fetching Featured Products: Error: Briefly unavailable for scheduled maintenance. Check back in a minute. [wp_die] [] []
[2026-01-02T03:45:34.642507+01:00] wc_store.WARNING: Could not retrieve ID for category: عطور. Error: cURL Error: Operation timed out after 30003 milliseconds with 0 bytes received [] []
[2026-01-02T03:46:04.652243+01:00] wc_store.WARNING: Could not retrieve ID for category: ساعات. Error: cURL Error: Operation timed out after 30003 milliseconds with 0 bytes received [] []
[2026-01-02T03:46:34.665339+01:00] wc_store.ERROR: WooCommerce API Error (HTTP) fetching Featured Products: cURL Error: Operation timed out after 30007 milliseconds with 0 bytes received [] []
[2026-01-02T03:47:07.993092+01:00] wc_store.WARNING: Could not retrieve ID for category: عطور. Error: cURL Error: Operation timed out after 30002 milliseconds with 0 bytes received [] []
[2026-01-02T03:47:37.998873+01:00] wc_store.WARNING: Could not retrieve ID for category: ساعات. Error: cURL Error: Operation timed out after 30002 milliseconds with 0 bytes received [] []
[2026-01-02T03:48:08.015051+01:00] wc_store.ERROR: WooCommerce API Error (HTTP) fetching Featured Products: cURL Error: Operation timed out after 30013 milliseconds with 0 bytes received [] []
[2026-01-02T03:49:28.488633+01:00] wc_store.WARNING: Could not retrieve ID for category: عطور. Error: cURL Error: Operation timed out after 30018 milliseconds with 0 bytes received [] []
[2026-01-02T03:49:29.124696+01:00] wc_store.WARNING: Could not retrieve ID for category: عطور. Error: cURL Error: Operation timed out after 30007 milliseconds with 0 bytes received [] []
[2026-01-02T03:49:58.497689+01:00] wc_store.WARNING: Could not retrieve ID for category: ساعات. Error: cURL Error: Operation timed out after 30005 milliseconds with 0 bytes received [] []
[2026-01-02T03:49:59.789983+01:00] wc_store.WARNING: Could not retrieve ID for category: ساعات. Error: cURL Error: Operation timed out after 30014 milliseconds with 0 bytes received [] []
[2026-01-02T03:50:28.503983+01:00] wc_store.ERROR: WooCommerce API Error (HTTP) fetching Featured Products: cURL Error: Operation timed out after 30004 milliseconds with 0 bytes received [] []
[2026-01-02T03:50:29.800865+01:00] wc_store.ERROR: WooCommerce API Error (HTTP) fetching Featured Products: cURL Error: Operation timed out after 30008 milliseconds with 0 bytes received [] []
[2026-01-02T03:52:48.953181+01:00] wc_store.ERROR: WooCommerce API Error (HTTP) fetching Featured Products: cURL Error: Operation timed out after 30013 milliseconds with 0 bytes received [] []
[2026-01-02T03:53:03.923317+01:00] wc_store.ERROR: WooCommerce API Error (HTTP) fetching Featured Products: cURL Error: Operation timed out after 30006 milliseconds with 0 bytes received [] []
[2026-01-02T04:10:17.427606+01:00] wc_store.ERROR: Error fetching related products: cURL Error: Operation timed out after 30003 milliseconds with 0 bytes received [] []
[2026-01-02T04:13:24.753403+01:00] wc_store.ERROR: Error fetching related products: cURL Error: Operation timed out after 30007 milliseconds with 0 bytes received [] []
[2026-01-02T17:49:16.832817+01:00] wc_store.ERROR: WooCommerce API Error (HTTP) fetching Featured Products: Error: Briefly unavailable for scheduled maintenance. Check back in a minute. [wp_die] [] []
[2026-01-02T17:49:33.255863+01:00] wc_store.ERROR: WooCommerce API Error (HTTP) fetching ساعات: cURL Error: Operation timed out after 30008 milliseconds with 0 bytes received [] []
[2026-01-02T17:49:38.404565+01:00] wc_store.ERROR: WooCommerce API Error (HTTP) fetching Featured Products: Error: Briefly unavailable for scheduled maintenance. Check back in a minute. [wp_die] [] []
[2026-01-02T17:50:25.203241+01:00] wc_store.ERROR: WooCommerce API Error (HTTP) fetching Featured Products: Error: Briefly unavailable for scheduled maintenance. Check back in a minute. [wp_die] [] []
[2026-01-02T17:53:24.197437+01:00] wc_store.ERROR: WooCommerce API Error (HTTP) fetching Featured Products: Error: Briefly unavailable for scheduled maintenance. Check back in a minute. [wp_die] [] []
[2026-01-02T17:55:11.931595+01:00] wc_store.ERROR: WooCommerce API Error (HTTP) fetching Featured Products: Error: Briefly unavailable for scheduled maintenance. Check back in a minute. [wp_die] [] []
[2026-01-02T17:56:55.042327+01:00] wc_store.ERROR: WooCommerce API Error (HTTP) fetching Featured Products: cURL Error: Operation timed out after 30007 milliseconds with 0 bytes received [] []
[2026-01-02T18:37:58.103189+01:00] wc_store.ERROR: WooCommerce API Error (HTTP) fetching Featured Products: cURL Error: Operation timed out after 30008 milliseconds with 0 bytes received [] []
[2026-01-02T20:09:38.381359+01:00] wc_store.WARNING: Could not retrieve ID for category: عطور. Error: cURL Error: Operation timed out after 30007 milliseconds with 0 bytes received [] []
[2026-01-02T20:09:40.777398+01:00] wc_store.WARNING: Could not retrieve ID for category: عطور. Error: cURL Error: Operation timed out after 30011 milliseconds with 0 bytes received [] []
[2026-01-02T20:10:08.413285+01:00] wc_store.WARNING: Could not retrieve ID for category: ساعات. Error: cURL Error: Operation timed out after 30012 milliseconds with 0 bytes received [] []
[2026-01-02T20:10:10.789171+01:00] wc_store.WARNING: Could not retrieve ID for category: ساعات. Error: cURL Error: Operation timed out after 30007 milliseconds with 0 bytes received [] []
[2026-01-02T20:10:38.427743+01:00] wc_store.ERROR: WooCommerce API Error (HTTP) fetching Featured Products: cURL Error: Operation timed out after 30012 milliseconds with 0 bytes received [] []
[2026-01-02T20:10:42.995471+01:00] wc_store.ERROR: WooCommerce API Error (HTTP) fetching Featured Products: cURL Error: Operation timed out after 30004 milliseconds with 0 bytes received [] []
[2026-01-02T20:14:36.399659+01:00] wc_store.WARNING: Could not retrieve ID for category: عطور. Error: cURL Error: Operation timed out after 30001 milliseconds with 0 bytes received [] []
[2026-01-02T20:15:06.407217+01:00] wc_store.WARNING: Could not retrieve ID for category: ساعات. Error: cURL Error: Operation timed out after 30004 milliseconds with 0 bytes received [] []
[2026-01-02T20:15:36.422905+01:00] wc_store.ERROR: WooCommerce API Error (HTTP) fetching Featured Products: cURL Error: Operation timed out after 30013 milliseconds with 0 bytes received [] []
[2026-01-02T21:01:06.349726+01:00] wc_store.WARNING: Could not retrieve ID for category: عطور. Error: cURL Error: Operation timed out after 30004 milliseconds with 0 bytes received [] []
[2026-01-02T21:01:36.370545+01:00] wc_store.WARNING: Could not retrieve ID for category: ساعات. Error: cURL Error: Operation timed out after 30011 milliseconds with 0 bytes received [] []
[2026-01-02T21:02:06.381969+01:00] wc_store.ERROR: WooCommerce API Error (HTTP) fetching Featured Products: cURL Error: Operation timed out after 30009 milliseconds with 0 bytes received [] []
[2026-01-02T21:02:38.059656+01:00] wc_store.WARNING: Could not retrieve ID for category: عطور. Error: cURL Error: Operation timed out after 30014 milliseconds with 0 bytes received [] []
[2026-01-02T21:06:50.353772+01:00] wc_store.WARNING: Could not retrieve ID for category: عطور. Error: cURL Error: Operation timed out after 30008 milliseconds with 0 bytes received [] []
[2026-01-02T21:08:25.695403+01:00] wc_store.WARNING: Could not retrieve ID for category: عطور. Error: cURL Error: Operation timed out after 30004 milliseconds with 0 bytes received [] []
[2026-01-02T21:08:57.457654+01:00] wc_store.WARNING: Could not retrieve ID for category: عطور. Error: cURL Error: Operation timed out after 30003 milliseconds with 0 bytes received [] []
[2026-01-03T03:14:49.736065+01:00] wc_store.ERROR: WooCommerce API Error (HTTP) fetching ساعات: cURL Error: Operation timed out after 30000 milliseconds with 33791 bytes received [] []
[2026-01-03T03:14:52.590343+01:00] wc_store.ERROR: WooCommerce API Error (HTTP) fetching Featured Products: Error: Briefly unavailable for scheduled maintenance. Check back in a minute. [wp_die] [] []
[2026-01-03T04:21:06.160664+01:00] wc_store.WARNING: Could not retrieve ID for category: ساعات. Error: cURL Error: Operation timed out after 30014 milliseconds with 0 bytes received [] []
[2026-01-03T04:21:36.197586+01:00] wc_store.ERROR: WooCommerce API Error (HTTP) fetching Featured Products: cURL Error: Operation timed out after 30014 milliseconds with 0 bytes received [] []
[2026-01-04T03:17:07.579332+01:00] wc_store.ERROR: WooCommerce API Error (HTTP) fetching Featured Products: Error: Briefly unavailable for scheduled maintenance. Check back in a minute. [wp_die] [] []
